<?xml version="1.0" encoding="UTF-8"?>
<!-- Generated by org.testng.reporters.JUnitReportReporter -->
<testsuite skipped="0" hostname="swathi-PC" name="jan25.Data_Suppy" tests="5" failures="0" timestamp="26 Jan 2020 13:32:37 GMT" time="46.629" errors="0">
  <testcase name="verifyLogin" time="7.080" classname="jan25.Data_Suppy"/>
  <testcase name="verifyLogin" time="6.951" classname="jan25.Data_Suppy"/>
  <testcase name="verifyLogin" time="8.448" classname="jan25.Data_Suppy"/>
  <testcase name="verifyLogin" time="16.057" classname="jan25.Data_Suppy"/>
  <testcase name="verifyLogin" time="8.093" classname="jan25.Data_Suppy"/>
</testsuite> <!-- jan25.Data_Suppy -->
