<?xml version="1.0" encoding="UTF-8"?>
<!-- Generated by org.testng.reporters.JUnitReportReporter -->
<testsuite skipped="0" hostname="swathi-PC" name="Qedge.Example" tests="1" failures="0" timestamp="28 Jan 2020 15:14:29 GMT" time="13.091" errors="0">
  <testcase name="verifyLogin" time="13.091" classname="Qedge.Example"/>
</testsuite> <!-- Qedge.Example -->
