<?xml version="1.0" encoding="UTF-8"?>
<!-- Generated by org.testng.reporters.JUnitReportReporter -->
<testsuite skipped="0" hostname="swathi-PC" name="jan27.Using_Implicit" tests="1" failures="0" timestamp="28 Jan 2020 14:52:00 GMT" time="13.144" errors="0">
  <testcase name="verifyLogin" time="13.144" classname="jan27.Using_Implicit"/>
</testsuite> <!-- jan27.Using_Implicit -->
