<?xml version="1.0" encoding="UTF-8"?>
<!-- Generated by org.testng.reporters.JUnitReportReporter -->
<testsuite skipped="0" hostname="swathi-PC" name="jan27.Using_Explicit" tests="1" failures="0" timestamp="28 Jan 2020 15:07:24 GMT" time="9.474" errors="0">
  <testcase name="verifyLogin" time="9.474" classname="jan27.Using_Explicit"/>
</testsuite> <!-- jan27.Using_Explicit -->
